<?xml version="1.0" encoding="UTF-8"?>
<!-- Generated by org.testng.reporters.JUnitReportReporter -->
<testsuite skipped="0" hostname="DESKTOP-MC7TA2J" name="rahulshettyacademy.Tests.ErrorValidations" tests="1" failures="0" timestamp="26 Nov 2022 21:41:40 GMT" time="33.474" errors="0">
  <testcase name="submitOrder" time="33.474" classname="rahulshettyacademy.Tests.ErrorValidations"/>
</testsuite> <!-- rahulshettyacademy.Tests.ErrorValidations -->
