<?xml version="1.0" encoding="UTF-8"?>
<!-- Generated by org.testng.reporters.JUnitReportReporter -->
<testsuite skipped="0" hostname="DESKTOP-MC7TA2J" name="rahulshettyacademy.Tests.ErrorValidationsTest" tests="2" failures="0" timestamp="2023-02-01T17:16:54 MST" time="38.973" errors="0">
  <testcase name="loginErrorValidation" time="24.206" classname="rahulshettyacademy.Tests.ErrorValidationsTest"/>
  <system-out/>
  <testcase name="productErrorValidation" time="14.767" classname="rahulshettyacademy.Tests.ErrorValidationsTest"/>
  <system-out/>
</testsuite> <!-- rahulshettyacademy.Tests.ErrorValidationsTest -->
