<?xml version="1.0" encoding="UTF-8"?>
<!-- Generated by org.testng.reporters.JUnitReportReporter -->
<testsuite skipped="0" hostname="DESKTOP-MC7TA2J" name="Cucumber.TestNgTestRunner" tests="1" failures="0" timestamp="2022-12-02T12:35:32 CST" time="7.278" errors="0">
  <testcase name="runScenario" time="7.278" classname="Cucumber.TestNgTestRunner"/>
  <system-out/>
</testsuite> <!-- Cucumber.TestNgTestRunner -->
