<?xml version="1.0" encoding="UTF-8"?>
<!-- Generated by org.testng.reporters.JUnitReportReporter -->
<testsuite skipped="0" hostname="DESKTOP-MC7TA2J" name="rahulshettyacademy.Tests.SubmirOrderTest" tests="3" failures="0" timestamp="2023-02-01T17:16:54 MST" time="59.676" errors="0">
  <testcase name="OrderHistoryTest" time="22.419" classname="rahulshettyacademy.Tests.SubmirOrderTest"/>
  <system-out/>
  <testcase name="submitOrder" time="17.632" classname="rahulshettyacademy.Tests.SubmirOrderTest"/>
  <system-out/>
  <testcase name="submitOrder" time="19.625" classname="rahulshettyacademy.Tests.SubmirOrderTest"/>
  <system-out/>
</testsuite> <!-- rahulshettyacademy.Tests.SubmirOrderTest -->
