<?xml version="1.0" encoding="UTF-8"?>
<!-- Generated by org.testng.reporters.JUnitReportReporter -->
<testsuite skipped="0" hostname="DESKTOP-MC7TA2J" name="rahulshettyacademy.Tests.StandAloneTestForPageObject" tests="1" failures="0" timestamp="26 Nov 2022 20:36:01 GMT" time="18.694" errors="0">
  <testcase name="submitOrder" time="18.694" classname="rahulshettyacademy.Tests.StandAloneTestForPageObject"/>
</testsuite> <!-- rahulshettyacademy.Tests.StandAloneTestForPageObject -->
