<?xml version="1.0" encoding="UTF-8"?>
<!-- Generated by org.testng.reporters.JUnitReportReporter -->
<testsuite hostname="DESKTOP-MC7TA2J" failures="0" tests="3" name="rahulshettyacademy.Tests.SubmirOrderTest" time="56.630" errors="0" timestamp="2 Dec 2022 22:03:22 GMT">
  <testcase classname="rahulshettyacademy.Tests.SubmirOrderTest" name="submitOrder" time="13.080"/>
  <testcase classname="rahulshettyacademy.Tests.SubmirOrderTest" name="submitOrder" time="16.857"/>
  <testcase classname="rahulshettyacademy.Tests.SubmirOrderTest" name="OrderHistoryTest" time="26.693"/>
</testsuite> <!-- rahulshettyacademy.Tests.SubmirOrderTest -->
