<?xml version="1.0" encoding="UTF-8"?>
<!-- Generated by org.testng.reporters.JUnitReportReporter -->
<testsuite hostname="DESKTOP-MC7TA2J" failures="0" tests="2" name="rahulshettyacademy.Tests.ErrorValidationsTest" time="26.302" errors="0" timestamp="2 Dec 2022 22:03:22 GMT">
  <testcase classname="rahulshettyacademy.Tests.ErrorValidationsTest" name="loginErrorValidation" time="11.619"/>
  <testcase classname="rahulshettyacademy.Tests.ErrorValidationsTest" name="productErrorValidation" time="14.683"/>
</testsuite> <!-- rahulshettyacademy.Tests.ErrorValidationsTest -->
